<?xml version="1.0" encoding="UTF-8"?>
<!-- Generated by org.testng.reporters.JUnitXMLReporter -->
<testsuite ignored="0" hostname="kairosHW0423" failures="0" tests="4" name="Default test" time="7.468" errors="0" timestamp="2024-05-21T15:49:45 IST">
  <testcase classname="api.test.Test_User2" name="test_createUser" time="2.882"/>
  <testcase classname="api.test.Test_User2" name="test_getUser" time="1.17"/>
  <testcase classname="api.test.Test_User2" name="test_putUser" time="2.142"/>
  <testcase classname="api.test.Test_User2" name="test_deleteUser" time="1.024"/>
</testsuite> <!-- Default test -->
