<?xml version="1.0" encoding="UTF-8"?>
<!-- Generated by org.testng.reporters.JUnitXMLReporter -->
<testsuite ignored="0" hostname="kairosHW0423" failures="12" tests="12" name="Users Tests" time="0.865" errors="0" timestamp="2024-05-21T12:55:15 IST">
  <testcase classname="api.test.Test_UserwithMutlipleData" name="multipleTestdata" time="0.005">
    <failure type="java.lang.NullPointerException" message="Cannot invoke &amp;quot;java.lang.Throwable.getMessage()&amp;quot; because the return value of &amp;quot;org.testng.ITestResult.getThrowable()&amp;quot; is null">
      <![CDATA[java.lang.NullPointerException: Cannot invoke "java.lang.Throwable.getMessage()" because the return value of "org.testng.ITestResult.getThrowable()" is null
at api.utilities.ListenerUtility.onTestStart(ListenerUtility.java:46)
at java.base/java.util.ArrayList.forEach(ArrayList.java:1511)
... Removed 24 stack frames]]>
    </failure>
  </testcase> <!-- multipleTestdata -->
  <testcase classname="api.test.Test_UserwithMutlipleData" name="multipleTestdata" time="0.001">
    <failure type="java.lang.NullPointerException" message="Cannot invoke &amp;quot;java.lang.Throwable.getMessage()&amp;quot; because the return value of &amp;quot;org.testng.ITestResult.getThrowable()&amp;quot; is null">
      <![CDATA[java.lang.NullPointerException: Cannot invoke "java.lang.Throwable.getMessage()" because the return value of "org.testng.ITestResult.getThrowable()" is null
at api.utilities.ListenerUtility.onTestStart(ListenerUtility.java:46)
at java.base/java.util.ArrayList.forEach(ArrayList.java:1511)
... Removed 24 stack frames]]>
    </failure>
  </testcase> <!-- multipleTestdata -->
  <testcase classname="api.test.Test_UserwithMutlipleData" name="multipleTestdata" time="0.001">
    <failure type="java.lang.NullPointerException" message="Cannot invoke &amp;quot;java.lang.Throwable.getMessage()&amp;quot; because the return value of &amp;quot;org.testng.ITestResult.getThrowable()&amp;quot; is null">
      <![CDATA[java.lang.NullPointerException: Cannot invoke "java.lang.Throwable.getMessage()" because the return value of "org.testng.ITestResult.getThrowable()" is null
at api.utilities.ListenerUtility.onTestStart(ListenerUtility.java:46)
at java.base/java.util.ArrayList.forEach(ArrayList.java:1511)
... Removed 24 stack frames]]>
    </failure>
  </testcase> <!-- multipleTestdata -->
  <testcase classname="api.test.Test_UserwithMutlipleData" name="multipleTestdata" time="0.001">
    <failure type="java.lang.NullPointerException" message="Cannot invoke &amp;quot;java.lang.Throwable.getMessage()&amp;quot; because the return value of &amp;quot;org.testng.ITestResult.getThrowable()&amp;quot; is null">
      <![CDATA[java.lang.NullPointerException: Cannot invoke "java.lang.Throwable.getMessage()" because the return value of "org.testng.ITestResult.getThrowable()" is null
at api.utilities.ListenerUtility.onTestStart(ListenerUtility.java:46)
at java.base/java.util.ArrayList.forEach(ArrayList.java:1511)
... Removed 24 stack frames]]>
    </failure>
  </testcase> <!-- multipleTestdata -->
  <testcase classname="api.test.Test_UserwithMutlipleData" name="test_getUser" time="0.002">
    <failure type="java.lang.NullPointerException" message="Cannot invoke &amp;quot;java.lang.Throwable.getMessage()&amp;quot; because the return value of &amp;quot;org.testng.ITestResult.getThrowable()&amp;quot; is null">
      <![CDATA[java.lang.NullPointerException: Cannot invoke "java.lang.Throwable.getMessage()" because the return value of "org.testng.ITestResult.getThrowable()" is null
at api.utilities.ListenerUtility.onTestStart(ListenerUtility.java:46)
at java.base/java.util.ArrayList.forEach(ArrayList.java:1511)
... Removed 24 stack frames]]>
    </failure>
  </testcase> <!-- test_getUser -->
  <testcase classname="api.test.Test_UserwithMutlipleData" name="test_getUser" time="0.001">
    <failure type="java.lang.NullPointerException" message="Cannot invoke &amp;quot;java.lang.Throwable.getMessage()&amp;quot; because the return value of &amp;quot;org.testng.ITestResult.getThrowable()&amp;quot; is null">
      <![CDATA[java.lang.NullPointerException: Cannot invoke "java.lang.Throwable.getMessage()" because the return value of "org.testng.ITestResult.getThrowable()" is null
at api.utilities.ListenerUtility.onTestStart(ListenerUtility.java:46)
at java.base/java.util.ArrayList.forEach(ArrayList.java:1511)
... Removed 24 stack frames]]>
    </failure>
  </testcase> <!-- test_getUser -->
  <testcase classname="api.test.Test_UserwithMutlipleData" name="test_getUser" time="0.001">
    <failure type="java.lang.NullPointerException" message="Cannot invoke &amp;quot;java.lang.Throwable.getMessage()&amp;quot; because the return value of &amp;quot;org.testng.ITestResult.getThrowable()&amp;quot; is null">
      <![CDATA[java.lang.NullPointerException: Cannot invoke "java.lang.Throwable.getMessage()" because the return value of "org.testng.ITestResult.getThrowable()" is null
at api.utilities.ListenerUtility.onTestStart(ListenerUtility.java:46)
at java.base/java.util.ArrayList.forEach(ArrayList.java:1511)
... Removed 24 stack frames]]>
    </failure>
  </testcase> <!-- test_getUser -->
  <testcase classname="api.test.Test_UserwithMutlipleData" name="test_getUser" time="0.001">
    <failure type="java.lang.NullPointerException" message="Cannot invoke &amp;quot;java.lang.Throwable.getMessage()&amp;quot; because the return value of &amp;quot;org.testng.ITestResult.getThrowable()&amp;quot; is null">
      <![CDATA[java.lang.NullPointerException: Cannot invoke "java.lang.Throwable.getMessage()" because the return value of "org.testng.ITestResult.getThrowable()" is null
at api.utilities.ListenerUtility.onTestStart(ListenerUtility.java:46)
at java.base/java.util.ArrayList.forEach(ArrayList.java:1511)
... Removed 24 stack frames]]>
    </failure>
  </testcase> <!-- test_getUser -->
  <testcase classname="api.test.Test_UserwithMutlipleData" name="test_deleteUser" time="0.001">
    <failure type="java.lang.NullPointerException" message="Cannot invoke &amp;quot;java.lang.Throwable.getMessage()&amp;quot; because the return value of &amp;quot;org.testng.ITestResult.getThrowable()&amp;quot; is null">
      <![CDATA[java.lang.NullPointerException: Cannot invoke "java.lang.Throwable.getMessage()" because the return value of "org.testng.ITestResult.getThrowable()" is null
at api.utilities.ListenerUtility.onTestStart(ListenerUtility.java:46)
at java.base/java.util.ArrayList.forEach(ArrayList.java:1511)
... Removed 24 stack frames]]>
    </failure>
  </testcase> <!-- test_deleteUser -->
  <testcase classname="api.test.Test_UserwithMutlipleData" name="test_deleteUser" time="0.001">
    <failure type="java.lang.NullPointerException" message="Cannot invoke &amp;quot;java.lang.Throwable.getMessage()&amp;quot; because the return value of &amp;quot;org.testng.ITestResult.getThrowable()&amp;quot; is null">
      <![CDATA[java.lang.NullPointerException: Cannot invoke "java.lang.Throwable.getMessage()" because the return value of "org.testng.ITestResult.getThrowable()" is null
at api.utilities.ListenerUtility.onTestStart(ListenerUtility.java:46)
at java.base/java.util.ArrayList.forEach(ArrayList.java:1511)
... Removed 24 stack frames]]>
    </failure>
  </testcase> <!-- test_deleteUser -->
  <testcase classname="api.test.Test_UserwithMutlipleData" name="test_deleteUser" time="0.001">
    <failure type="java.lang.NullPointerException" message="Cannot invoke &amp;quot;java.lang.Throwable.getMessage()&amp;quot; because the return value of &amp;quot;org.testng.ITestResult.getThrowable()&amp;quot; is null">
      <![CDATA[java.lang.NullPointerException: Cannot invoke "java.lang.Throwable.getMessage()" because the return value of "org.testng.ITestResult.getThrowable()" is null
at api.utilities.ListenerUtility.onTestStart(ListenerUtility.java:46)
at java.base/java.util.ArrayList.forEach(ArrayList.java:1511)
... Removed 24 stack frames]]>
    </failure>
  </testcase> <!-- test_deleteUser -->
  <testcase classname="api.test.Test_UserwithMutlipleData" name="test_deleteUser" time="0.003">
    <failure type="java.lang.NullPointerException" message="Cannot invoke &amp;quot;java.lang.Throwable.getMessage()&amp;quot; because the return value of &amp;quot;org.testng.ITestResult.getThrowable()&amp;quot; is null">
      <![CDATA[java.lang.NullPointerException: Cannot invoke "java.lang.Throwable.getMessage()" because the return value of "org.testng.ITestResult.getThrowable()" is null
at api.utilities.ListenerUtility.onTestStart(ListenerUtility.java:46)
at java.base/java.util.ArrayList.forEach(ArrayList.java:1511)
... Removed 24 stack frames]]>
    </failure>
  </testcase> <!-- test_deleteUser -->
</testsuite> <!-- Users Tests -->
