<?xml version="1.0" encoding="UTF-8"?>
<testng-results ignored="0" total="4" passed="4" failed="0" skipped="0">
  <reporter-output>
  </reporter-output>
  <suite started-at="2024-05-21T15:49:38 IST" name="Default suite" finished-at="2024-05-21T15:49:45 IST" duration-ms="7468">
    <groups>
    </groups>
    <test started-at="2024-05-21T15:49:38 IST" name="Default test" finished-at="2024-05-21T15:49:45 IST" duration-ms="7468">
      <class name="api.test.Test_User2">
        <test-method is-config="true" signature="testData()[pri:0, instance:api.test.Test_User2@408d971b]" started-at="2024-05-21T15:49:38 IST" name="testData" finished-at="2024-05-21T15:49:38 IST" duration-ms="207" status="PASS">
          <reporter-output>
          </reporter-output>
        </test-method> <!-- testData -->
        <test-method signature="test_createUser()[pri:1, instance:api.test.Test_User2@408d971b]" started-at="2024-05-21T15:49:38 IST" name="test_createUser" finished-at="2024-05-21T15:49:41 IST" duration-ms="2882" status="PASS">
          <reporter-output>
          </reporter-output>
        </test-method> <!-- test_createUser -->
        <test-method signature="test_getUser()[pri:2, instance:api.test.Test_User2@408d971b]" started-at="2024-05-21T15:49:41 IST" name="test_getUser" finished-at="2024-05-21T15:49:42 IST" depends-on-methods="api.test.Test_User2.test_createUser" duration-ms="1170" status="PASS">
          <reporter-output>
          </reporter-output>
        </test-method> <!-- test_getUser -->
        <test-method signature="test_putUser()[pri:3, instance:api.test.Test_User2@408d971b]" started-at="2024-05-21T15:49:42 IST" name="test_putUser" finished-at="2024-05-21T15:49:44 IST" depends-on-methods="api.test.Test_User2.test_getUser" duration-ms="2142" status="PASS">
          <reporter-output>
          </reporter-output>
        </test-method> <!-- test_putUser -->
        <test-method signature="test_deleteUser()[pri:4, instance:api.test.Test_User2@408d971b]" started-at="2024-05-21T15:49:44 IST" name="test_deleteUser" finished-at="2024-05-21T15:49:45 IST" depends-on-methods="api.test.Test_User2.test_putUser" duration-ms="1024" status="PASS">
          <reporter-output>
          </reporter-output>
        </test-method> <!-- test_deleteUser -->
      </class> <!-- api.test.Test_User2 -->
    </test> <!-- Default test -->
  </suite> <!-- Default suite -->
</testng-results>
